0 info it worked if it ends with ok
1 verbose cli [ '/usr/local/bin/node',
1 verbose cli   '/usr/local/bin/npm',
1 verbose cli   'publish',
1 verbose cli   '--force' ]
2 info using npm@3.10.8
3 info using node@v6.5.0
4 warn using --force I sure hope you know what you are doing.
5 verbose publish [ '.' ]
6 silly cache add args [ '.', null ]
7 verbose cache add spec .
8 silly cache add parsed spec Result {
8 silly cache add   raw: '.',
8 silly cache add   scope: null,
8 silly cache add   escapedName: null,
8 silly cache add   name: null,
8 silly cache add   rawSpec: '.',
8 silly cache add   spec: '/Users/wangduo/workspace/github/react-native-segmented-button',
8 silly cache add   type: 'directory' }
9 verbose addLocalDirectory /Users/wangduo/.npm/react-native-segmented-button/1.0.0/package.tgz not in flight; packing
10 verbose correctMkdir /Users/wangduo/.npm correctMkdir not in flight; initializing
11 info lifecycle react-native-segmented-button@1.0.0~prepublish: react-native-segmented-button@1.0.0
12 silly lifecycle react-native-segmented-button@1.0.0~prepublish: no script for prepublish, continuing
13 verbose tar pack [ '/Users/wangduo/.npm/react-native-segmented-button/1.0.0/package.tgz',
13 verbose tar pack   '/Users/wangduo/workspace/github/react-native-segmented-button' ]
14 verbose tarball /Users/wangduo/.npm/react-native-segmented-button/1.0.0/package.tgz
15 verbose folder /Users/wangduo/workspace/github/react-native-segmented-button
16 verbose addLocalTarball adding from inside cache /Users/wangduo/.npm/react-native-segmented-button/1.0.0/package.tgz
17 verbose correctMkdir /Users/wangduo/.npm correctMkdir not in flight; initializing
18 silly cache afterAdd react-native-segmented-button@1.0.0
19 verbose afterAdd /Users/wangduo/.npm/react-native-segmented-button/1.0.0/package/package.json not in flight; writing
20 verbose correctMkdir /Users/wangduo/.npm correctMkdir not in flight; initializing
21 verbose afterAdd /Users/wangduo/.npm/react-native-segmented-button/1.0.0/package/package.json written
22 silly publish { name: 'react-native-segmented-button',
22 silly publish   version: '1.0.0',
22 silly publish   description: 'scrolled segmented button for react native',
22 silly publish   main: 'index.js',
22 silly publish   scripts: { test: 'make test' },
22 silly publish   repository:
22 silly publish    { type: 'git',
22 silly publish      url: 'git+https://github.com/bestv2/react-native-segmented-button.git' },
22 silly publish   keywords:
22 silly publish    [ 'react',
22 silly publish      'react-native',
22 silly publish      'react-component',
22 silly publish      'segmentd-button',
22 silly publish      'segmentdbutton',
22 silly publish      'segmented',
22 silly publish      'scrolled' ],
22 silly publish   author: { name: 'bestv2' },
22 silly publish   license: 'MIT',
22 silly publish   dependencies: {},
22 silly publish   peerDependencies: {},
22 silly publish   readme: '# react-native-segmented-button\nreact native scrolled segmented button\n\n##install\nnpm install react-native-segmented-button --save\n\nor\n\nnpm install react-native-segmented-button@git@github.com:bestv2/react-native-segmented-button.git --save\n\n##screenshots\n![image](https://github.com/bestv2/react-native-segmented-button/blob/master/screenshots/1.gif?raw=true)\n\n##example\n     <SegmentedButton\n                style={{marginTop:100,}}\n                tinyColor="#ccc"\n                activeTinyColor="#f62323"\n                items={[\'Segmented1\',{text:\'Seg2\'},{text:\'SegmentedButton3\'},{text:\'Seg Btn4\'},{text:\'Btn5\'},]}\n                onSegmentBtnPress={(btn,index)=>{}}\n            />\n',
22 silly publish   readmeFilename: 'README.md',
22 silly publish   gitHead: '5512ff76369d6bbb62d38e974be6ae0d364a42c5',
22 silly publish   bugs: { url: 'https://github.com/bestv2/react-native-segmented-button/issues' },
22 silly publish   homepage: 'https://github.com/bestv2/react-native-segmented-button#readme',
22 silly publish   _id: 'react-native-segmented-button@1.0.0',
22 silly publish   _shasum: '297c13d17ad654833d95e77241a31178e6a2a669',
22 silly publish   _from: '.' }
23 verbose getPublishConfig undefined
24 silly mapToRegistry name react-native-segmented-button
25 silly mapToRegistry using default registry
26 silly mapToRegistry registry http://registry.npmjs.org/
27 silly mapToRegistry data Result {
27 silly mapToRegistry   raw: 'react-native-segmented-button',
27 silly mapToRegistry   scope: null,
27 silly mapToRegistry   escapedName: 'react-native-segmented-button',
27 silly mapToRegistry   name: 'react-native-segmented-button',
27 silly mapToRegistry   rawSpec: '',
27 silly mapToRegistry   spec: 'latest',
27 silly mapToRegistry   type: 'tag' }
28 silly mapToRegistry uri http://registry.npmjs.org/react-native-segmented-button
29 verbose publish registryBase http://registry.npmjs.org/
30 silly publish uploading /Users/wangduo/.npm/react-native-segmented-button/1.0.0/package.tgz
31 verbose request uri http://registry.npmjs.org/react-native-segmented-button
32 verbose request sending authorization for write operation
33 info attempt registry request try #1 at 2:01:49 PM
34 verbose request using bearer token for auth
35 verbose request id ae36f7f59d3ae84b
36 http request PUT http://registry.npmjs.org/react-native-segmented-button
37 http 403 http://registry.npmjs.org/react-native-segmented-button
38 verbose headers { 'content-type': 'application/json',
38 verbose headers   'cache-control': 'max-age=300',
38 verbose headers   'content-length': '128',
38 verbose headers   'accept-ranges': 'bytes',
38 verbose headers   date: 'Tue, 25 Oct 2016 06:01:57 GMT',
38 verbose headers   via: '1.1 varnish',
38 verbose headers   connection: 'keep-alive',
38 verbose headers   'x-served-by': 'cache-lcy1145-LCY',
38 verbose headers   'x-cache': 'MISS',
38 verbose headers   'x-cache-hits': '0',
38 verbose headers   'x-timer': 'S1477375311.526672,VS0,VE6357',
38 verbose headers   vary: 'Accept-Encoding' }
39 verbose request invalidating /Users/wangduo/.npm/registry.npmjs.org/react-native-segmented-button on PUT
40 error publish Failed PUT 403
41 verbose stack Error: "You cannot publish over the previously published version 1.0.0. Try bumping the version to 2.0.0" : react-native-segmented-button
41 verbose stack     at makeError (/usr/local/lib/node_modules/npm/node_modules/npm-registry-client/lib/request.js:302:12)
41 verbose stack     at CachingRegistryClient.<anonymous> (/usr/local/lib/node_modules/npm/node_modules/npm-registry-client/lib/request.js:290:14)
41 verbose stack     at Request._callback (/usr/local/lib/node_modules/npm/node_modules/npm-registry-client/lib/request.js:210:14)
41 verbose stack     at Request.self.callback (/usr/local/lib/node_modules/npm/node_modules/request/request.js:187:22)
41 verbose stack     at emitTwo (events.js:106:13)
41 verbose stack     at Request.emit (events.js:191:7)
41 verbose stack     at Request.<anonymous> (/usr/local/lib/node_modules/npm/node_modules/request/request.js:1044:10)
41 verbose stack     at emitOne (events.js:96:13)
41 verbose stack     at Request.emit (events.js:188:7)
41 verbose stack     at IncomingMessage.<anonymous> (/usr/local/lib/node_modules/npm/node_modules/request/request.js:965:12)
42 verbose statusCode 403
43 verbose pkgid react-native-segmented-button
44 verbose cwd /Users/wangduo/workspace/github/react-native-segmented-button
45 error Darwin 16.0.0
46 error argv "/usr/local/bin/node" "/usr/local/bin/npm" "publish" "--force"
47 error node v6.5.0
48 error npm  v3.10.8
49 error code E403
50 error "You cannot publish over the previously published version 1.0.0. Try bumping the version to 2.0.0" : react-native-segmented-button
51 error If you need help, you may report this error at:
51 error     <https://github.com/npm/npm/issues>
52 verbose exit [ 1, true ]
